<?xml version="1.0" encoding="UTF-8"?>
<testsuite name="com.imarticus.imarticuscirclecidemo.ExampleUnitTest" tests="1" skipped="0" failures="0" errors="0" timestamp="2024-03-07T05:57:12" hostname="HIMANSHU" time="0.003">
  <properties/>
  <testcase name="addition_isCorrect" classname="com.imarticus.imarticuscirclecidemo.ExampleUnitTest" time="0.003"/>
  <system-out><![CDATA[]]></system-out>
  <system-err><![CDATA[]]></system-err>
</testsuite>
